Opening files...
Parsing specification from standard input...
Checking specification...
Warning: Terminal "CONST" was declared but never used
Warning: Terminal "GOTO" was declared but never used
Building parse tables...
  Computing non-terminal nullability...
  Computing first sets...
  Building state machine...
  Filling in tables...
  Checking for non-reduced productions...
*** Production "class_body_opt ::= class_body " never reduced
*** Production "class_body_opt ::= " never reduced
Writing parser...
Closing files...
------- CUP v0.10j Parser Generation Summary -------
  0 errors and 4 warnings
  107 terminals, 250 non-terminals, and 603 productions declared, 
  producing 1094 unique parse states.
  2 terminals declared but not used.
  0 non-terminals declared but not used.
  0 productions never reduced.
  0 conflicts detected (0 expected).
  Code written to "Grm15.java", and "Sym15.java".
---------------------------------------------------- (v0.10j)
